Build started 11/10/2013 10:52:54 PM.
     1>Project "G:\VajraStuff\VSSln\FbxExporter\FbxExporter.vcxproj" on node 2 (build target(s)).
     1>C:\Program Files (x86)\MSBuild\Microsoft.Cpp\v4.0\Microsoft.CppBuild.targets(299,5): warning MSB8004: Output Directory does not end with a trailing slash.  This build instance will add the slash as it is required to allow proper evaluation of the Output Directory.
     1>InitializeBuildStatus:
         Creating "Debug\FbxExporter.unsuccessfulbuild" because "AlwaysCreate" was specified.
       ClCompile:
         d:\INSTALLED\VisualStudio\VC\bin\CL.exe /c /ZI /nologo /W3 /WX- /Od /Oy- /D FBXSDK_SHARED /D _MBCS /Gm /EHsc /RTC1 /MDd /GS /fp:precise /Zc:wchar_t /Zc:forScope /Fo"Debug\\" /Fd"Debug\vc100.pdb" /Gd /TP /analyze- /errorReport:prompt Source\Exporter\Common\Common.cpp Source\Exporter\Definitions\Face.cpp Source\Exporter\Definitions\Material.cpp Source\Exporter\Definitions\Mesh.cpp Source\Exporter\Definitions\Model.cpp Source\Exporter\Definitions\Polylist.cpp Source\Exporter\Definitions\Scene.cpp Source\Exporter\Definitions\Vertex.cpp Source\Exporter\main.cpp Source\Exporter\Parsers\ParseMeshHelper.cpp Source\Exporter\Parsers\ParseScene.cpp Source\Exporter\Utilities\Utilities.cpp Source\Exporter\Writers\WriteScene.cpp
         WriteScene.cpp
     1>g:\vajrastuff\vssln\fbxexporter\source\exporter\writers\writescene.cpp(145): warning C4018: '<' : signed/unsigned mismatch
     1>g:\vajrastuff\vssln\fbxexporter\source\exporter\writers\writescene.cpp(154): warning C4018: '<' : signed/unsigned mismatch
         Utilities.cpp
     1>g:\vajrastuff\vssln\fbxexporter\source\exporter\utilities\utilities.cpp(66): warning C4244: '=' : conversion from 'fbxsdk_2014_2::FbxDouble' to 'float', possible loss of data
     1>g:\vajrastuff\vssln\fbxexporter\source\exporter\utilities\utilities.cpp(67): warning C4244: '=' : conversion from 'fbxsdk_2014_2::FbxDouble' to 'float', possible loss of data
     1>g:\vajrastuff\vssln\fbxexporter\source\exporter\utilities\utilities.cpp(74): warning C4244: '=' : conversion from 'fbxsdk_2014_2::FbxDouble' to 'float', possible loss of data
     1>g:\vajrastuff\vssln\fbxexporter\source\exporter\utilities\utilities.cpp(75): warning C4244: '=' : conversion from 'fbxsdk_2014_2::FbxDouble' to 'float', possible loss of data
     1>g:\vajrastuff\vssln\fbxexporter\source\exporter\utilities\utilities.cpp(76): warning C4244: '=' : conversion from 'fbxsdk_2014_2::FbxDouble' to 'float', possible loss of data
     1>g:\vajrastuff\vssln\fbxexporter\source\exporter\utilities\utilities.cpp(77): warning C4244: '=' : conversion from 'fbxsdk_2014_2::FbxDouble' to 'float', possible loss of data
     1>g:\vajrastuff\vssln\fbxexporter\source\exporter\utilities\utilities.cpp(84): warning C4244: '=' : conversion from 'fbxsdk_2014_2::FbxDouble' to 'float', possible loss of data
     1>g:\vajrastuff\vssln\fbxexporter\source\exporter\utilities\utilities.cpp(85): warning C4244: '=' : conversion from 'fbxsdk_2014_2::FbxDouble' to 'float', possible loss of data
     1>g:\vajrastuff\vssln\fbxexporter\source\exporter\utilities\utilities.cpp(86): warning C4244: '=' : conversion from 'fbxsdk_2014_2::FbxDouble' to 'float', possible loss of data
     1>g:\vajrastuff\vssln\fbxexporter\source\exporter\utilities\utilities.cpp(105): warning C4018: '<' : signed/unsigned mismatch
     1>g:\vajrastuff\vssln\fbxexporter\source\exporter\utilities\utilities.cpp(114): warning C4018: '<' : signed/unsigned mismatch
         ParseScene.cpp
         ParseMeshHelper.cpp
     1>g:\vajrastuff\vssln\fbxexporter\source\exporter\parsers\parsemeshhelper.cpp(102): warning C4996: 'fbxsdk_2014_2::FbxObject::GetSrcObjectCount': was declared deprecated
                 g:\vajrastuff\vssln\fbxexporter\source\fbxsdk\include\fbxsdk\core\fbxobject.h(480) : see declaration of 'fbxsdk_2014_2::FbxObject::GetSrcObjectCount'
     1>g:\vajrastuff\vssln\fbxexporter\source\exporter\parsers\parsemeshhelper.cpp(105): warning C4996: 'fbxsdk_2014_2::FbxObject::GetSrcObject': was declared deprecated
                 g:\vajrastuff\vssln\fbxexporter\source\fbxsdk\include\fbxsdk\core\fbxobject.h(500) : see declaration of 'fbxsdk_2014_2::FbxObject::GetSrcObject'
     1>g:\vajrastuff\vssln\fbxexporter\source\exporter\parsers\parsemeshhelper.cpp(114): warning C4018: '<' : signed/unsigned mismatch
         main.cpp
     1>g:\vajrastuff\vssln\fbxexporter\source\exporter\main.cpp(35): warning C4101: 'lResult' : unreferenced local variable
         Vertex.cpp
         Scene.cpp
         Polylist.cpp
         Model.cpp
         Mesh.cpp
         Material.cpp
         Face.cpp
         Common.cpp
         Generating Code...
       Link:
         d:\INSTALLED\VisualStudio\VC\bin\link.exe /ERRORREPORT:PROMPT /OUT:".\Build\FbxExporter.exe" /NOLOGO /LIBPATH:./Source/FbxSdk/lib/vs2010/x86/debug libfbxsdk.lib kernel32.lib user32.lib gdi32.lib winspool.lib comdlg32.lib advapi32.lib shell32.lib ole32.lib oleaut32.lib uuid.lib odbc32.lib odbccp32.lib /MANIFEST /ManifestFile:"Debug\FbxExporter.exe.intermediate.manifest" /MANIFESTUAC:"level='asInvoker' uiAccess='false'" /DEBUG /PDB:"G:\VajraStuff\VSSln\FbxExporter\Build\FbxExporter.pdb" /TLBID:1 /DYNAMICBASE /NXCOMPAT /IMPLIB:".\Build\FbxExporter.lib" /MACHINE:X86 Debug\Common.obj
         Debug\Face.obj
         Debug\Material.obj
         Debug\Mesh.obj
         Debug\Model.obj
         Debug\Polylist.obj
         Debug\Scene.obj
         Debug\Vertex.obj
         Debug\main.obj
         Debug\ParseMeshHelper.obj
         Debug\ParseScene.obj
         Debug\Utilities.obj
         Debug\WriteScene.obj
         FbxExporter.vcxproj -> G:\VajraStuff\VSSln\FbxExporter\.\Build\FbxExporter.exe
       Manifest:
         C:\Program Files (x86)\Microsoft SDKs\Windows\v7.0A\bin\mt.exe /nologo /verbose /outputresource:".\Build\FbxExporter.exe;#1" /manifest Debug\FbxExporter.exe.intermediate.manifest
       FinalizeBuildStatus:
         Deleting file "Debug\FbxExporter.unsuccessfulbuild".
         Touching "Debug\FbxExporter.lastbuildstate".
     1>Done Building Project "G:\VajraStuff\VSSln\FbxExporter\FbxExporter.vcxproj" (build target(s)).

Build succeeded.

Time Elapsed 00:00:40.23
