.\Build\FbxExporter.ilk
.\Build\FbxExporter.pdb
C:\PROGRAM FILES\AUTODESK\FBX\FBX SDK\2014.2\SAMPLES\FBXEXPORTER\BUILD\FBXEXPORTER.EXE
C:\PROGRAM FILES\AUTODESK\FBX\FBX SDK\2014.2\SAMPLES\FBXEXPORTER\BUILD\FBXEXPORTER.ILK
C:\PROGRAM FILES\AUTODESK\FBX\FBX SDK\2014.2\SAMPLES\FBXEXPORTER\BUILD\FBXEXPORTER.PDB
C:\PROGRAM FILES\AUTODESK\FBX\FBX SDK\2014.2\SAMPLES\FBXEXPORTER\DEBUG\COMMON.OBJ
C:\PROGRAM FILES\AUTODESK\FBX\FBX SDK\2014.2\SAMPLES\FBXEXPORTER\DEBUG\FACE.OBJ
C:\PROGRAM FILES\AUTODESK\FBX\FBX SDK\2014.2\SAMPLES\FBXEXPORTER\DEBUG\FBXEXPORTER.EXE.INTERMEDIATE.MANIFEST
C:\PROGRAM FILES\AUTODESK\FBX\FBX SDK\2014.2\SAMPLES\FBXEXPORTER\DEBUG\MAIN.OBJ
C:\PROGRAM FILES\AUTODESK\FBX\FBX SDK\2014.2\SAMPLES\FBXEXPORTER\DEBUG\MATERIAL.OBJ
C:\PROGRAM FILES\AUTODESK\FBX\FBX SDK\2014.2\SAMPLES\FBXEXPORTER\DEBUG\MESH.OBJ
C:\PROGRAM FILES\AUTODESK\FBX\FBX SDK\2014.2\SAMPLES\FBXEXPORTER\DEBUG\MODEL.OBJ
C:\PROGRAM FILES\AUTODESK\FBX\FBX SDK\2014.2\SAMPLES\FBXEXPORTER\DEBUG\PARSEMESHHELPER.OBJ
C:\PROGRAM FILES\AUTODESK\FBX\FBX SDK\2014.2\SAMPLES\FBXEXPORTER\DEBUG\PARSESCENE.OBJ
C:\PROGRAM FILES\AUTODESK\FBX\FBX SDK\2014.2\SAMPLES\FBXEXPORTER\DEBUG\POLYLIST.OBJ
C:\PROGRAM FILES\AUTODESK\FBX\FBX SDK\2014.2\SAMPLES\FBXEXPORTER\DEBUG\SCENE.OBJ
C:\PROGRAM FILES\AUTODESK\FBX\FBX SDK\2014.2\SAMPLES\FBXEXPORTER\DEBUG\UTILITIES.OBJ
C:\PROGRAM FILES\AUTODESK\FBX\FBX SDK\2014.2\SAMPLES\FBXEXPORTER\DEBUG\VC100.PDB
C:\PROGRAM FILES\AUTODESK\FBX\FBX SDK\2014.2\SAMPLES\FBXEXPORTER\DEBUG\VERTEX.OBJ
C:\PROGRAM FILES\AUTODESK\FBX\FBX SDK\2014.2\SAMPLES\FBXEXPORTER\DEBUG\WRITESCENE.OBJ
G:\VajraStuff\VSSln\FbxExporter\.\Build\FbxExporter.exe
G:\VAJRASTUFF\VSSLN\FBXEXPORTER\BUILD\FBXEXPORTER.EXE
G:\VAJRASTUFF\VSSLN\FBXEXPORTER\BUILD\FBXEXPORTER.ILK
G:\VAJRASTUFF\VSSLN\FBXEXPORTER\BUILD\FBXEXPORTER.PDB
G:\VajraStuff\VSSln\FbxExporter\Debug\cl.command.1.tlog
G:\VajraStuff\VSSln\FbxExporter\Debug\CL.read.1.tlog
G:\VajraStuff\VSSln\FbxExporter\Debug\CL.write.1.tlog
G:\VAJRASTUFF\VSSLN\FBXEXPORTER\DEBUG\COMMON.OBJ
G:\VAJRASTUFF\VSSLN\FBXEXPORTER\DEBUG\FACE.OBJ
G:\VAJRASTUFF\VSSLN\FBXEXPORTER\DEBUG\FBXEXPORTER.EXE.INTERMEDIATE.MANIFEST
G:\VajraStuff\VSSln\FbxExporter\Debug\FbxExporter.write.1.tlog
G:\VajraStuff\VSSln\FbxExporter\Debug\link.command.1.tlog
G:\VajraStuff\VSSln\FbxExporter\Debug\link.read.1.tlog
G:\VajraStuff\VSSln\FbxExporter\Debug\link.write.1.tlog
G:\VAJRASTUFF\VSSLN\FBXEXPORTER\DEBUG\MAIN.OBJ
G:\VAJRASTUFF\VSSLN\FBXEXPORTER\DEBUG\MATERIAL.OBJ
G:\VAJRASTUFF\VSSLN\FBXEXPORTER\DEBUG\MESH.OBJ
G:\VAJRASTUFF\VSSLN\FBXEXPORTER\DEBUG\MODEL.OBJ
G:\VajraStuff\VSSln\FbxExporter\Debug\mt.command.1.tlog
G:\VajraStuff\VSSln\FbxExporter\Debug\mt.read.1.tlog
G:\VajraStuff\VSSln\FbxExporter\Debug\mt.write.1.tlog
G:\VAJRASTUFF\VSSLN\FBXEXPORTER\DEBUG\PARSEMESHHELPER.OBJ
G:\VAJRASTUFF\VSSLN\FBXEXPORTER\DEBUG\PARSESCENE.OBJ
G:\VAJRASTUFF\VSSLN\FBXEXPORTER\DEBUG\POLYLIST.OBJ
G:\VAJRASTUFF\VSSLN\FBXEXPORTER\DEBUG\SCENE.OBJ
G:\VAJRASTUFF\VSSLN\FBXEXPORTER\DEBUG\UTILITIES.OBJ
G:\VajraStuff\VSSln\FbxExporter\Debug\vc100.idb
G:\VAJRASTUFF\VSSLN\FBXEXPORTER\DEBUG\VC100.PDB
G:\VAJRASTUFF\VSSLN\FBXEXPORTER\DEBUG\VERTEX.OBJ
G:\VAJRASTUFF\VSSLN\FBXEXPORTER\DEBUG\WRITESCENE.OBJ
